<?xml version="1.0" encoding="UTF-8"?>
<testng-results ignored="0" total="1" passed="0" failed="1" skipped="0">
  <reporter-output>
    <line>
      <![CDATA[<td>Received Bandwith comparison with Top Apps</td>]]>
    </line>
    <line>
      <![CDATA[<tr>]]>
    </line>
    <line>
      <![CDATA[<table border="1">]]>
    </line>
    <line>
      <![CDATA[<thead>]]>
    </line>
    <line>
      <![CDATA[<tr>]]>
    </line>
    <line>
      <![CDATA[<th>IPaddress</th>]]>
    </line>
    <line>
      <![CDATA[<th>Bandwith</th>]]>
    </line>
    <line>
      <![CDATA[<th>Top Apps</th>]]>
    </line>
    <line>
      <![CDATA[<th>Expected status</th>]]>
    </line>
    <line>
      <![CDATA[<th>Status</th>]]>
    </line>
    <line>
      <![CDATA[</tr>]]>
    </line>
    <line>
      <![CDATA[</thead>]]>
    </line>
    <line>
      <![CDATA[<tbody>]]>
    </line>
    <line>
      <![CDATA[<td>154.83.3.8</td>]]>
    </line>
    <line>
      <![CDATA[<td>949 MB</td>]]>
    </line>
    <line>
      <![CDATA[<td>948.4878</td>]]>
    </line>
    <line>
      <![CDATA[<td>pass</td>]]>
    </line>
    <line>
      <![CDATA[<td style="color:red">failed</td>]]>
    </line>
    <line>
      <![CDATA[</tr>]]>
    </line>
    <line>
      <![CDATA[<td>154.83.3.29</td>]]>
    </line>
    <line>
      <![CDATA[<td>60 MB</td>]]>
    </line>
    <line>
      <![CDATA[<td>59.2965</td>]]>
    </line>
    <line>
      <![CDATA[<td>pass</td>]]>
    </line>
    <line>
      <![CDATA[<td style="color:red">failed</td>]]>
    </line>
    <line>
      <![CDATA[</tr>]]>
    </line>
    <line>
      <![CDATA[<td>154.83.3.161</td>]]>
    </line>
    <line>
      <![CDATA[<td>38 MB</td>]]>
    </line>
    <line>
      <![CDATA[<td>37.986084</td>]]>
    </line>
    <line>
      <![CDATA[<td>pass</td>]]>
    </line>
    <line>
      <![CDATA[<td style="color:red">failed</td>]]>
    </line>
    <line>
      <![CDATA[</tr>]]>
    </line>
    <line>
      <![CDATA[<td>103.174.106.1</td>]]>
    </line>
    <line>
      <![CDATA[<td>10 MB</td>]]>
    </line>
    <line>
      <![CDATA[<td>9.3950205</td>]]>
    </line>
    <line>
      <![CDATA[<td>pass</td>]]>
    </line>
    <line>
      <![CDATA[<td style="color:red">failed</td>]]>
    </line>
    <line>
      <![CDATA[</tr>]]>
    </line>
  </reporter-output>
  <suite started-at="2022-08-30T12:10:00 IST" name="Default suite" finished-at="2022-08-30T12:15:20 IST" duration-ms="320434">
    <groups>
    </groups>
    <test started-at="2022-08-30T12:10:00 IST" name="Default test" finished-at="2022-08-30T12:15:20 IST" duration-ms="320434">
      <class name="COCmodules.BandWidthReport">
        <test-method signature="main()[pri:0, instance:COCmodules.BandWidthReport@3cebbb30]" started-at="2022-08-30T12:10:00 IST" name="main" finished-at="2022-08-30T12:15:20 IST" duration-ms="320353" status="FAIL">
          <exception class="org.openqa.selenium.WebDriverException">
            <message>
              <![CDATA[chrome not reachable
  (Session info: chrome=104.0.5112.81)
Build info: version: '3.14.0', revision: 'aacccce0', time: '2018-08-02T20:19:58.91Z'
System info: host: 'DESKTOP-NV05D01', ip: '10.192.192.28', os.name: 'Windows 10', os.arch: 'amd64', os.version: '10.0', java.version: '17.0.3'
Driver info: org.openqa.selenium.chrome.ChromeDriver
Capabilities {acceptInsecureCerts: false, browserName: chrome, browserVersion: 104.0.5112.81, chrome: {chromedriverVersion: 104.0.5112.79 (3cf3e8c8a07d..., userDataDir: C:\Users\TULASI~1\AppData\L...}, goog:chromeOptions: {debuggerAddress: localhost:60324}, javascriptEnabled: true, networkConnectionEnabled: false, pageLoadStrategy: normal, platform: WINDOWS, platformName: WINDOWS, proxy: Proxy(), setWindowRect: true, strictFileInteractability: false, timeouts: {implicit: 0, pageLoad: 300000, script: 30000}, unhandledPromptBehavior: dismiss and notify, webauthn:extension:credBlob: true, webauthn:extension:largeBlob: true, webauthn:virtualAuthenticators: true}
Session ID: bae19a63f5c769da5eff69c200183a40
*** Element info: {Using=xpath, value=//td[contains(@class,'MuiTableCell-root MuiTableCell-body')][4]}]]>
            </message>
            <full-stacktrace>
              <![CDATA[org.openqa.selenium.WebDriverException: chrome not reachable
  (Session info: chrome=104.0.5112.81)
Build info: version: '3.14.0', revision: 'aacccce0', time: '2018-08-02T20:19:58.91Z'
System info: host: 'DESKTOP-NV05D01', ip: '10.192.192.28', os.name: 'Windows 10', os.arch: 'amd64', os.version: '10.0', java.version: '17.0.3'
Driver info: org.openqa.selenium.chrome.ChromeDriver
Capabilities {acceptInsecureCerts: false, browserName: chrome, browserVersion: 104.0.5112.81, chrome: {chromedriverVersion: 104.0.5112.79 (3cf3e8c8a07d..., userDataDir: C:\Users\TULASI~1\AppData\L...}, goog:chromeOptions: {debuggerAddress: localhost:60324}, javascriptEnabled: true, networkConnectionEnabled: false, pageLoadStrategy: normal, platform: WINDOWS, platformName: WINDOWS, proxy: Proxy(), setWindowRect: true, strictFileInteractability: false, timeouts: {implicit: 0, pageLoad: 300000, script: 30000}, unhandledPromptBehavior: dismiss and notify, webauthn:extension:credBlob: true, webauthn:extension:largeBlob: true, webauthn:virtualAuthenticators: true}
Session ID: bae19a63f5c769da5eff69c200183a40
*** Element info: {Using=xpath, value=//td[contains(@class,'MuiTableCell-root MuiTableCell-body')][4]}
at java.base/jdk.internal.reflect.NativeConstructorAccessorImpl.newInstance0(Native Method)
at java.base/jdk.internal.reflect.NativeConstructorAccessorImpl.newInstance(NativeConstructorAccessorImpl.java:77)
at java.base/jdk.internal.reflect.DelegatingConstructorAccessorImpl.newInstance(DelegatingConstructorAccessorImpl.java:45)
at java.base/java.lang.reflect.Constructor.newInstanceWithCaller(Constructor.java:499)
at java.base/java.lang.reflect.Constructor.newInstance(Constructor.java:480)
at org.openqa.selenium.remote.http.W3CHttpResponseCodec.createException(W3CHttpResponseCodec.java:187)
at org.openqa.selenium.remote.http.W3CHttpResponseCodec.decode(W3CHttpResponseCodec.java:122)
at org.openqa.selenium.remote.http.W3CHttpResponseCodec.decode(W3CHttpResponseCodec.java:49)
at org.openqa.selenium.remote.HttpCommandExecutor.execute(HttpCommandExecutor.java:158)
at org.openqa.selenium.remote.service.DriverCommandExecutor.execute(DriverCommandExecutor.java:83)
at org.openqa.selenium.remote.RemoteWebDriver.execute(RemoteWebDriver.java:548)
at org.openqa.selenium.remote.RemoteWebDriver.findElements(RemoteWebDriver.java:349)
at org.openqa.selenium.remote.RemoteWebDriver.findElementsByXPath(RemoteWebDriver.java:428)
at org.openqa.selenium.By$ByXPath.findElements(By.java:348)
at org.openqa.selenium.remote.RemoteWebDriver.findElements(RemoteWebDriver.java:310)
at COCmodules.TopApps.getRecevedGbForIpAddress(TopApps.java:81)
at COCmodules.BandWidthReport.main(BandWidthReport.java:126)
at java.base/jdk.internal.reflect.NativeMethodAccessorImpl.invoke0(Native Method)
at java.base/jdk.internal.reflect.NativeMethodAccessorImpl.invoke(NativeMethodAccessorImpl.java:77)
at java.base/jdk.internal.reflect.DelegatingMethodAccessorImpl.invoke(DelegatingMethodAccessorImpl.java:43)
at java.base/java.lang.reflect.Method.invoke(Method.java:568)
at org.testng.internal.MethodInvocationHelper.invokeMethod(MethodInvocationHelper.java:133)
at org.testng.internal.TestInvoker.invokeMethod(TestInvoker.java:598)
at org.testng.internal.TestInvoker.invokeTestMethod(TestInvoker.java:173)
at org.testng.internal.MethodRunner.runInSequence(MethodRunner.java:46)
at org.testng.internal.TestInvoker$MethodInvocationAgent.invoke(TestInvoker.java:824)
at org.testng.internal.TestInvoker.invokeTestMethods(TestInvoker.java:146)
at org.testng.internal.TestMethodWorker.invokeTestMethods(TestMethodWorker.java:146)
at org.testng.internal.TestMethodWorker.run(TestMethodWorker.java:128)
at java.base/java.util.ArrayList.forEach(ArrayList.java:1511)
at org.testng.TestRunner.privateRun(TestRunner.java:794)
at org.testng.TestRunner.run(TestRunner.java:596)
at org.testng.SuiteRunner.runTest(SuiteRunner.java:377)
at org.testng.SuiteRunner.runSequentially(SuiteRunner.java:371)
at org.testng.SuiteRunner.privateRun(SuiteRunner.java:332)
at org.testng.SuiteRunner.run(SuiteRunner.java:276)
at org.testng.SuiteRunnerWorker.runSuite(SuiteRunnerWorker.java:53)
at org.testng.SuiteRunnerWorker.run(SuiteRunnerWorker.java:96)
at org.testng.TestNG.runSuitesSequentially(TestNG.java:1212)
at org.testng.TestNG.runSuitesLocally(TestNG.java:1134)
at org.testng.TestNG.runSuites(TestNG.java:1063)
at org.testng.TestNG.run(TestNG.java:1031)
at org.testng.remote.AbstractRemoteTestNG.run(AbstractRemoteTestNG.java:115)
at org.testng.remote.RemoteTestNG.initAndRun(RemoteTestNG.java:251)
at org.testng.remote.RemoteTestNG.main(RemoteTestNG.java:77)
]]>
            </full-stacktrace>
          </exception> <!-- org.openqa.selenium.WebDriverException -->
          <reporter-output>
            <line>
              <![CDATA[<td>Received Bandwith comparison with Top Apps</td>]]>
            </line>
            <line>
              <![CDATA[<tr>]]>
            </line>
            <line>
              <![CDATA[<table border="1">]]>
            </line>
            <line>
              <![CDATA[<thead>]]>
            </line>
            <line>
              <![CDATA[<tr>]]>
            </line>
            <line>
              <![CDATA[<th>IPaddress</th>]]>
            </line>
            <line>
              <![CDATA[<th>Bandwith</th>]]>
            </line>
            <line>
              <![CDATA[<th>Top Apps</th>]]>
            </line>
            <line>
              <![CDATA[<th>Expected status</th>]]>
            </line>
            <line>
              <![CDATA[<th>Status</th>]]>
            </line>
            <line>
              <![CDATA[</tr>]]>
            </line>
            <line>
              <![CDATA[</thead>]]>
            </line>
            <line>
              <![CDATA[<tbody>]]>
            </line>
            <line>
              <![CDATA[<td>154.83.3.8</td>]]>
            </line>
            <line>
              <![CDATA[<td>949 MB</td>]]>
            </line>
            <line>
              <![CDATA[<td>948.4878</td>]]>
            </line>
            <line>
              <![CDATA[<td>pass</td>]]>
            </line>
            <line>
              <![CDATA[<td style="color:red">failed</td>]]>
            </line>
            <line>
              <![CDATA[</tr>]]>
            </line>
            <line>
              <![CDATA[<td>154.83.3.29</td>]]>
            </line>
            <line>
              <![CDATA[<td>60 MB</td>]]>
            </line>
            <line>
              <![CDATA[<td>59.2965</td>]]>
            </line>
            <line>
              <![CDATA[<td>pass</td>]]>
            </line>
            <line>
              <![CDATA[<td style="color:red">failed</td>]]>
            </line>
            <line>
              <![CDATA[</tr>]]>
            </line>
            <line>
              <![CDATA[<td>154.83.3.161</td>]]>
            </line>
            <line>
              <![CDATA[<td>38 MB</td>]]>
            </line>
            <line>
              <![CDATA[<td>37.986084</td>]]>
            </line>
            <line>
              <![CDATA[<td>pass</td>]]>
            </line>
            <line>
              <![CDATA[<td style="color:red">failed</td>]]>
            </line>
            <line>
              <![CDATA[</tr>]]>
            </line>
            <line>
              <![CDATA[<td>103.174.106.1</td>]]>
            </line>
            <line>
              <![CDATA[<td>10 MB</td>]]>
            </line>
            <line>
              <![CDATA[<td>9.3950205</td>]]>
            </line>
            <line>
              <![CDATA[<td>pass</td>]]>
            </line>
            <line>
              <![CDATA[<td style="color:red">failed</td>]]>
            </line>
            <line>
              <![CDATA[</tr>]]>
            </line>
          </reporter-output>
        </test-method> <!-- main -->
      </class> <!-- COCmodules.BandWidthReport -->
    </test> <!-- Default test -->
  </suite> <!-- Default suite -->
</testng-results>
