<?xml version="1.0" encoding="UTF-8"?>
<!-- Generated by org.testng.reporters.JUnitReportReporter -->
<testsuite hostname="DESKTOP-L326GGM" failures="0" tests="2" name="modules.admin.billsummary.VerifyBillSummary" time="12.922" errors="0" timestamp="2022-08-10T12:51:05 IST" skipped="0">
  <testcase classname="modules.admin.billsummary.VerifyBillSummary" name="verifyContractedBandwidth" time="7.182"/>
  <system-out>
    <![CDATA[<style>table, th, td {  border: 1px solid black;}</style>
<table style="width:100%;border: 1px solid black; border-collapse: collapse;">
 <tr><th>Instance Details</th><th>Contracted Bandwidth</th><th>Fixed Bandwidth</th><th>Total Bandwidth</th><th>Excess Bandwidth</th><th>Balance Bandwidth</th><th>Fixed Price (per GB)</th><th>Excess Price (per GB)</th>  </tr>
<tr>
<td>AliceBlu36873</td>
<td>50 GB</td>
<td>50 GB</td>
<td>113.66 GB</td>
<td>63.66 GB</td>
<td>0</td>
<td>6.00</td>
<td>381.96</td>
</tr>
<tr>
<td>mcr42vm-zebu-encryp-api-srv01</td>
<td>50 GB</td>
<td>50 GB</td>
<td>136.42 GB</td>
<td>86.42 GB</td>
<td>0</td>
<td>6.00</td>
<td>518.52</td>
</tr>
<tr>
<td>mcr42vm-zebu-stonage-db-srv01</td>
<td>50 GB</td>
<td>50 GB</td>
<td>0 B</td>
<td>0</td>
<td>50.00 GB</td>
<td>6.00</td>
<td>0</td>
</tr>
<tr>
<td>mcr42vm-zebu-encryp-srv02</td>
<td>50 GB</td>
<td>50 GB</td>
<td>16.83 GB</td>
<td>0</td>
<td>33.17 GB</td>
<td>6.00</td>
<td>0</td>
</tr>
<tr>
<td>zebu-mfeeder-srv01</td>
<td>50 GB</td>
<td>50 GB</td>
<td>170.93 GB</td>
<td>120.93 GB</td>
<td>0</td>
<td>6.00</td>
<td>725.58</td>
</tr>
<tr>
<td>AliceBlu36870</td>
<td>50 GB</td>
<td>50 GB</td>
<td>39.61 GB</td>
<td>0</td>
<td>10.39 GB</td>
<td>6.00</td>
<td>0</td>
</tr>
<tr>
<td>zebu-ex-feeder-srv01</td>
<td>50 GB</td>
<td>50 GB</td>
<td>0 B</td>
<td>0</td>
<td>50.00 GB</td>
<td>6.00</td>
<td>0</td>
</tr>
<tr>
<td>mcr42vm-zebu-xlapi-srv01</td>
<td>50 GB</td>
<td>50 GB</td>
<td>9.98 GB</td>
<td>0</td>
<td>40.02 GB</td>
<td>6.00</td>
<td>0</td>
</tr>
<tr>
<td>mcr42vm-zebu-encryp-prod-srv03</td>
<td>50 GB</td>
<td>50 GB</td>
<td>646.80 GB</td>
<td>596.80 GB</td>
<td>0</td>
<td>6.00</td>
<td>3580.80</td>
</tr>
<tr>
<td>mcr42vm-zebu-stoneage-db-srv</td>
<td>50 GB</td>
<td>50 GB</td>
<td>0 B</td>
<td>0</td>
<td>50.00 GB</td>
<td>6.00</td>
<td>0</td>
</tr>
<tr>
<td>Summary</td>
<td></td>
<td>600 GB</td>
<td>1351 GB</td>
<td>1034.37 GB</td>
<td>283.58 GB</td>
<td></td>
<td>₹ 6206.22</td>
</tr>
</table>]]>
  </system-out>
  <testcase classname="modules.admin.billsummary.VerifyBillSummary" name="login" time="5.740"/>
  <system-out>
    <![CDATA[navigated successfulluy to https://dev-admin-console.zybisys.com/bill-summary</br>
entered successfully email admin@zybisys.com </br>
entered succesfully password Zyb1&y&0 </br>
Clicked on login succesfully]]>
  </system-out>
</testsuite> <!-- modules.admin.billsummary.VerifyBillSummary -->
