<?xml version="1.0" encoding="UTF-8"?>
<testsuite name="Default test"
           tests="9"
           failures="6"
           errors="0"
           skipped="0"
           time="1.366">
    <properties></properties>

            <testcase
                name="ServicesWarnCount"
                time="0.007"
                classname="COCmodules.DashBoard">

            <failure type="java.lang.NullPointerException" message="Cannot invoke &quot;java.util.Map.get(Object)&quot; because &quot;data.TestData.testData&quot; is null">
                <![CDATA[java.lang.NullPointerException: Cannot invoke "java.util.Map.get(Object)" because "data.TestData.testData" is null
                data.TestData.getTestData(TestData.java:33)data.TestData.getTestDataValue(TestData.java:38)COCmodules.DashBoard.getTestData(DashBoard.java:51)COCmodules.DashBoard.ServicesWarnCount(DashBoard.java:207)java.base/jdk.internal.reflect.NativeMethodAccessorImpl.invoke0(Native Method)java.base/jdk.internal.reflect.NativeMethodAccessorImpl.invoke(NativeMethodAccessorImpl.java:77)java.base/jdk.internal.reflect.DelegatingMethodAccessorImpl.invoke(DelegatingMethodAccessorImpl.java:43)java.base/java.lang.reflect.Method.invoke(Method.java:568)org.testng.internal.MethodInvocationHelper.invokeMethod(MethodInvocationHelper.java:133)org.testng.internal.TestInvoker.invokeMethod(TestInvoker.java:598)org.testng.internal.TestInvoker.invokeTestMethod(TestInvoker.java:173)org.testng.internal.MethodRunner.runInSequence(MethodRunner.java:46)org.testng.internal.TestInvoker$MethodInvocationAgent.invoke(TestInvoker.java:824)org.testng.internal.TestInvoker.invokeTestMethods(TestInvoker.java:146)org.testng.internal.TestMethodWorker.invokeTestMethods(TestMethodWorker.java:146)org.testng.internal.TestMethodWorker.run(TestMethodWorker.java:128)java.base/java.util.ArrayList.forEach(ArrayList.java:1511)org.testng.TestRunner.privateRun(TestRunner.java:794)org.testng.TestRunner.run(TestRunner.java:596)org.testng.SuiteRunner.runTest(SuiteRunner.java:377)org.testng.SuiteRunner.runSequentially(SuiteRunner.java:371)org.testng.SuiteRunner.privateRun(SuiteRunner.java:332)org.testng.SuiteRunner.run(SuiteRunner.java:276)org.testng.SuiteRunnerWorker.runSuite(SuiteRunnerWorker.java:53)org.testng.SuiteRunnerWorker.run(SuiteRunnerWorker.java:96)org.testng.TestNG.runSuitesSequentially(TestNG.java:1212)org.testng.TestNG.runSuitesLocally(TestNG.java:1134)org.testng.TestNG.runSuites(TestNG.java:1063)org.testng.TestNG.run(TestNG.java:1031)org.testng.remote.AbstractRemoteTestNG.run(AbstractRemoteTestNG.java:115)org.testng.remote.RemoteTestNG.initAndRun(RemoteTestNG.java:251)org.testng.remote.RemoteTestNG.main(RemoteTestNG.java:77)
]]>
            </failure>
    </testcase>
            <testcase
                name="ChildTags"
                time="0.003"
                classname="COCmodules.DashBoard">

            <failure type="java.lang.NullPointerException" message="Cannot invoke &quot;java.util.Map.get(Object)&quot; because &quot;data.TestData.testData&quot; is null">
                <![CDATA[java.lang.NullPointerException: Cannot invoke "java.util.Map.get(Object)" because "data.TestData.testData" is null
                data.TestData.getTestData(TestData.java:33)data.TestData.getTestDataValue(TestData.java:38)COCmodules.DashBoard.getTestData(DashBoard.java:51)COCmodules.DashBoard.ChildTags(DashBoard.java:347)java.base/jdk.internal.reflect.NativeMethodAccessorImpl.invoke0(Native Method)java.base/jdk.internal.reflect.NativeMethodAccessorImpl.invoke(NativeMethodAccessorImpl.java:77)java.base/jdk.internal.reflect.DelegatingMethodAccessorImpl.invoke(DelegatingMethodAccessorImpl.java:43)java.base/java.lang.reflect.Method.invoke(Method.java:568)org.testng.internal.MethodInvocationHelper.invokeMethod(MethodInvocationHelper.java:133)org.testng.internal.TestInvoker.invokeMethod(TestInvoker.java:598)org.testng.internal.TestInvoker.invokeTestMethod(TestInvoker.java:173)org.testng.internal.MethodRunner.runInSequence(MethodRunner.java:46)org.testng.internal.TestInvoker$MethodInvocationAgent.invoke(TestInvoker.java:824)org.testng.internal.TestInvoker.invokeTestMethods(TestInvoker.java:146)org.testng.internal.TestMethodWorker.invokeTestMethods(TestMethodWorker.java:146)org.testng.internal.TestMethodWorker.run(TestMethodWorker.java:128)java.base/java.util.ArrayList.forEach(ArrayList.java:1511)org.testng.TestRunner.privateRun(TestRunner.java:794)org.testng.TestRunner.run(TestRunner.java:596)org.testng.SuiteRunner.runTest(SuiteRunner.java:377)org.testng.SuiteRunner.runSequentially(SuiteRunner.java:371)org.testng.SuiteRunner.privateRun(SuiteRunner.java:332)org.testng.SuiteRunner.run(SuiteRunner.java:276)org.testng.SuiteRunnerWorker.runSuite(SuiteRunnerWorker.java:53)org.testng.SuiteRunnerWorker.run(SuiteRunnerWorker.java:96)org.testng.TestNG.runSuitesSequentially(TestNG.java:1212)org.testng.TestNG.runSuitesLocally(TestNG.java:1134)org.testng.TestNG.runSuites(TestNG.java:1063)org.testng.TestNG.run(TestNG.java:1031)org.testng.remote.AbstractRemoteTestNG.run(AbstractRemoteTestNG.java:115)org.testng.remote.RemoteTestNG.initAndRun(RemoteTestNG.java:251)org.testng.remote.RemoteTestNG.main(RemoteTestNG.java:77)
]]>
            </failure>
    </testcase>
            <testcase
                name="ServicesOk"
                time="0.008"
                classname="COCmodules.DashBoard">

            <failure type="java.lang.NullPointerException" message="Cannot invoke &quot;java.util.Map.get(Object)&quot; because &quot;data.TestData.testData&quot; is null">
                <![CDATA[java.lang.NullPointerException: Cannot invoke "java.util.Map.get(Object)" because "data.TestData.testData" is null
                data.TestData.getTestData(TestData.java:33)data.TestData.getTestDataValue(TestData.java:38)COCmodules.DashBoard.getTestData(DashBoard.java:51)COCmodules.DashBoard.ServicesOk(DashBoard.java:177)java.base/jdk.internal.reflect.NativeMethodAccessorImpl.invoke0(Native Method)java.base/jdk.internal.reflect.NativeMethodAccessorImpl.invoke(NativeMethodAccessorImpl.java:77)java.base/jdk.internal.reflect.DelegatingMethodAccessorImpl.invoke(DelegatingMethodAccessorImpl.java:43)java.base/java.lang.reflect.Method.invoke(Method.java:568)org.testng.internal.MethodInvocationHelper.invokeMethod(MethodInvocationHelper.java:133)org.testng.internal.TestInvoker.invokeMethod(TestInvoker.java:598)org.testng.internal.TestInvoker.invokeTestMethod(TestInvoker.java:173)org.testng.internal.MethodRunner.runInSequence(MethodRunner.java:46)org.testng.internal.TestInvoker$MethodInvocationAgent.invoke(TestInvoker.java:824)org.testng.internal.TestInvoker.invokeTestMethods(TestInvoker.java:146)org.testng.internal.TestMethodWorker.invokeTestMethods(TestMethodWorker.java:146)org.testng.internal.TestMethodWorker.run(TestMethodWorker.java:128)java.base/java.util.ArrayList.forEach(ArrayList.java:1511)org.testng.TestRunner.privateRun(TestRunner.java:794)org.testng.TestRunner.run(TestRunner.java:596)org.testng.SuiteRunner.runTest(SuiteRunner.java:377)org.testng.SuiteRunner.runSequentially(SuiteRunner.java:371)org.testng.SuiteRunner.privateRun(SuiteRunner.java:332)org.testng.SuiteRunner.run(SuiteRunner.java:276)org.testng.SuiteRunnerWorker.runSuite(SuiteRunnerWorker.java:53)org.testng.SuiteRunnerWorker.run(SuiteRunnerWorker.java:96)org.testng.TestNG.runSuitesSequentially(TestNG.java:1212)org.testng.TestNG.runSuitesLocally(TestNG.java:1134)org.testng.TestNG.runSuites(TestNG.java:1063)org.testng.TestNG.run(TestNG.java:1031)org.testng.remote.AbstractRemoteTestNG.run(AbstractRemoteTestNG.java:115)org.testng.remote.RemoteTestNG.initAndRun(RemoteTestNG.java:251)org.testng.remote.RemoteTestNG.main(RemoteTestNG.java:77)
]]>
            </failure>
    </testcase>
            <testcase
                name="ServicesTotalCount"
                time="0.124"
                classname="COCmodules.DashBoard">

            <failure type="java.lang.NullPointerException" message="Cannot invoke &quot;java.util.Map.get(Object)&quot; because &quot;data.TestData.testData&quot; is null">
                <![CDATA[java.lang.NullPointerException: Cannot invoke "java.util.Map.get(Object)" because "data.TestData.testData" is null
                data.TestData.getTestData(TestData.java:33)data.TestData.getTestDataValue(TestData.java:38)COCmodules.DashBoard.getTestData(DashBoard.java:51)COCmodules.DashBoard.ServicesTotalCount(DashBoard.java:136)java.base/jdk.internal.reflect.NativeMethodAccessorImpl.invoke0(Native Method)java.base/jdk.internal.reflect.NativeMethodAccessorImpl.invoke(NativeMethodAccessorImpl.java:77)java.base/jdk.internal.reflect.DelegatingMethodAccessorImpl.invoke(DelegatingMethodAccessorImpl.java:43)java.base/java.lang.reflect.Method.invoke(Method.java:568)org.testng.internal.MethodInvocationHelper.invokeMethod(MethodInvocationHelper.java:133)org.testng.internal.TestInvoker.invokeMethod(TestInvoker.java:598)org.testng.internal.TestInvoker.invokeTestMethod(TestInvoker.java:173)org.testng.internal.MethodRunner.runInSequence(MethodRunner.java:46)org.testng.internal.TestInvoker$MethodInvocationAgent.invoke(TestInvoker.java:824)org.testng.internal.TestInvoker.invokeTestMethods(TestInvoker.java:146)org.testng.internal.TestMethodWorker.invokeTestMethods(TestMethodWorker.java:146)org.testng.internal.TestMethodWorker.run(TestMethodWorker.java:128)java.base/java.util.ArrayList.forEach(ArrayList.java:1511)org.testng.TestRunner.privateRun(TestRunner.java:794)org.testng.TestRunner.run(TestRunner.java:596)org.testng.SuiteRunner.runTest(SuiteRunner.java:377)org.testng.SuiteRunner.runSequentially(SuiteRunner.java:371)org.testng.SuiteRunner.privateRun(SuiteRunner.java:332)org.testng.SuiteRunner.run(SuiteRunner.java:276)org.testng.SuiteRunnerWorker.runSuite(SuiteRunnerWorker.java:53)org.testng.SuiteRunnerWorker.run(SuiteRunnerWorker.java:96)org.testng.TestNG.runSuitesSequentially(TestNG.java:1212)org.testng.TestNG.runSuitesLocally(TestNG.java:1134)org.testng.TestNG.runSuites(TestNG.java:1063)org.testng.TestNG.run(TestNG.java:1031)org.testng.remote.AbstractRemoteTestNG.run(AbstractRemoteTestNG.java:115)org.testng.remote.RemoteTestNG.initAndRun(RemoteTestNG.java:251)org.testng.remote.RemoteTestNG.main(RemoteTestNG.java:77)
]]>
            </failure>
    </testcase>
            <testcase
                name="ServicesCriticalCount"
                time="0.028"
                classname="COCmodules.DashBoard">

            <failure type="java.lang.NullPointerException" message="Cannot invoke &quot;java.util.Map.get(Object)&quot; because &quot;data.TestData.testData&quot; is null">
                <![CDATA[java.lang.NullPointerException: Cannot invoke "java.util.Map.get(Object)" because "data.TestData.testData" is null
                data.TestData.getTestData(TestData.java:33)data.TestData.getTestDataValue(TestData.java:38)COCmodules.DashBoard.getTestData(DashBoard.java:51)COCmodules.DashBoard.ServicesCriticalCount(DashBoard.java:237)java.base/jdk.internal.reflect.NativeMethodAccessorImpl.invoke0(Native Method)java.base/jdk.internal.reflect.NativeMethodAccessorImpl.invoke(NativeMethodAccessorImpl.java:77)java.base/jdk.internal.reflect.DelegatingMethodAccessorImpl.invoke(DelegatingMethodAccessorImpl.java:43)java.base/java.lang.reflect.Method.invoke(Method.java:568)org.testng.internal.MethodInvocationHelper.invokeMethod(MethodInvocationHelper.java:133)org.testng.internal.TestInvoker.invokeMethod(TestInvoker.java:598)org.testng.internal.TestInvoker.invokeTestMethod(TestInvoker.java:173)org.testng.internal.MethodRunner.runInSequence(MethodRunner.java:46)org.testng.internal.TestInvoker$MethodInvocationAgent.invoke(TestInvoker.java:824)org.testng.internal.TestInvoker.invokeTestMethods(TestInvoker.java:146)org.testng.internal.TestMethodWorker.invokeTestMethods(TestMethodWorker.java:146)org.testng.internal.TestMethodWorker.run(TestMethodWorker.java:128)java.base/java.util.ArrayList.forEach(ArrayList.java:1511)org.testng.TestRunner.privateRun(TestRunner.java:794)org.testng.TestRunner.run(TestRunner.java:596)org.testng.SuiteRunner.runTest(SuiteRunner.java:377)org.testng.SuiteRunner.runSequentially(SuiteRunner.java:371)org.testng.SuiteRunner.privateRun(SuiteRunner.java:332)org.testng.SuiteRunner.run(SuiteRunner.java:276)org.testng.SuiteRunnerWorker.runSuite(SuiteRunnerWorker.java:53)org.testng.SuiteRunnerWorker.run(SuiteRunnerWorker.java:96)org.testng.TestNG.runSuitesSequentially(TestNG.java:1212)org.testng.TestNG.runSuitesLocally(TestNG.java:1134)org.testng.TestNG.runSuites(TestNG.java:1063)org.testng.TestNG.run(TestNG.java:1031)org.testng.remote.AbstractRemoteTestNG.run(AbstractRemoteTestNG.java:115)org.testng.remote.RemoteTestNG.initAndRun(RemoteTestNG.java:251)org.testng.remote.RemoteTestNG.main(RemoteTestNG.java:77)
]]>
            </failure>
    </testcase>
            <testcase
                name="Actions"
                time="0.003"
                classname="COCmodules.DashBoard">

            <failure type="java.lang.NullPointerException" message="Cannot invoke &quot;java.util.Map.get(Object)&quot; because &quot;data.TestData.testData&quot; is null">
                <![CDATA[java.lang.NullPointerException: Cannot invoke "java.util.Map.get(Object)" because "data.TestData.testData" is null
                data.TestData.getTestData(TestData.java:33)data.TestData.getTestDataValue(TestData.java:38)COCmodules.DashBoard.getTestData(DashBoard.java:51)COCmodules.DashBoard.Actions(DashBoard.java:266)java.base/jdk.internal.reflect.NativeMethodAccessorImpl.invoke0(Native Method)java.base/jdk.internal.reflect.NativeMethodAccessorImpl.invoke(NativeMethodAccessorImpl.java:77)java.base/jdk.internal.reflect.DelegatingMethodAccessorImpl.invoke(DelegatingMethodAccessorImpl.java:43)java.base/java.lang.reflect.Method.invoke(Method.java:568)org.testng.internal.MethodInvocationHelper.invokeMethod(MethodInvocationHelper.java:133)org.testng.internal.TestInvoker.invokeMethod(TestInvoker.java:598)org.testng.internal.TestInvoker.invokeTestMethod(TestInvoker.java:173)org.testng.internal.MethodRunner.runInSequence(MethodRunner.java:46)org.testng.internal.TestInvoker$MethodInvocationAgent.invoke(TestInvoker.java:824)org.testng.internal.TestInvoker.invokeTestMethods(TestInvoker.java:146)org.testng.internal.TestMethodWorker.invokeTestMethods(TestMethodWorker.java:146)org.testng.internal.TestMethodWorker.run(TestMethodWorker.java:128)java.base/java.util.ArrayList.forEach(ArrayList.java:1511)org.testng.TestRunner.privateRun(TestRunner.java:794)org.testng.TestRunner.run(TestRunner.java:596)org.testng.SuiteRunner.runTest(SuiteRunner.java:377)org.testng.SuiteRunner.runSequentially(SuiteRunner.java:371)org.testng.SuiteRunner.privateRun(SuiteRunner.java:332)org.testng.SuiteRunner.run(SuiteRunner.java:276)org.testng.SuiteRunnerWorker.runSuite(SuiteRunnerWorker.java:53)org.testng.SuiteRunnerWorker.run(SuiteRunnerWorker.java:96)org.testng.TestNG.runSuitesSequentially(TestNG.java:1212)org.testng.TestNG.runSuitesLocally(TestNG.java:1134)org.testng.TestNG.runSuites(TestNG.java:1063)org.testng.TestNG.run(TestNG.java:1031)org.testng.remote.AbstractRemoteTestNG.run(AbstractRemoteTestNG.java:115)org.testng.remote.RemoteTestNG.initAndRun(RemoteTestNG.java:251)org.testng.remote.RemoteTestNG.main(RemoteTestNG.java:77)
]]>
            </failure>
    </testcase>


            <testcase
                name="instanceTotalCount"
                time="0.283"
                classname="COCmodules.DashBoard">
            </testcase>
            <testcase
                name="InstanceDownCount"
                time="0.772"
                classname="COCmodules.DashBoard">
            </testcase>
            <testcase
                name="instanceUpCount"
                time="0.138"
                classname="COCmodules.DashBoard">
            </testcase>
</testsuite>
