<?xml version="1.0" encoding="UTF-8"?>
<!-- Generated by org.testng.reporters.JUnitXMLReporter -->
<testsuite ignored="5" hostname="DESKTOP-L326GGM" failures="0" tests="2" name="Test" time="21.712" errors="0" timestamp="2022-07-28T08:57:05 IST">
  <testcase classname="COCmodules.privilege" name="setUp" time="9.842"/>
  <testcase classname="COCmodules.privilege" name="deleteUser" time="11.821"/>
  <testcase classname="COCmodules.privilege" name="invaidFirstName" time="0.0">
    <ignored/>
  </testcase> <!-- invaidFirstName -->
  <testcase classname="COCmodules.privilege" name="invaidEmail" time="0.0">
    <ignored/>
  </testcase> <!-- invaidEmail -->
  <testcase classname="COCmodules.privilege" name="EditUser" time="0.0">
    <ignored/>
  </testcase> <!-- EditUser -->
  <testcase classname="COCmodules.privilege" name="changePassWord" time="0.0">
    <ignored/>
  </testcase> <!-- changePassWord -->
  <testcase classname="COCmodules.privilege" name="addUser" time="0.0">
    <ignored/>
  </testcase> <!-- addUser -->
</testsuite> <!-- Test -->
